0 info it worked if it ends with ok
1 verbose cli [ '/usr/local/bin/node', '/usr/local/bin/npm', 'run', 'dev' ]
2 info using npm@3.3.12
3 info using node@v5.3.0
4 verbose run-script [ 'predev', 'dev', 'postdev' ]
5 info lifecycle brewtastic@~predev: brewtastic@
6 silly lifecycle brewtastic@~predev: no script for predev, continuing
7 info lifecycle brewtastic@~dev: brewtastic@
8 verbose lifecycle brewtastic@~dev: unsafe-perm in lifecycle true
9 verbose lifecycle brewtastic@~dev: PATH: /usr/local/lib/node_modules/npm/bin/node-gyp-bin:/Users/oblouinr/code/brewtastic/node_modules/.bin:/Users/oblouinr/.rbenv/shims:/usr/local/bin:/usr/bin:/bin:/usr/sbin:/sbin:/Users/oblouinr/bin
10 verbose lifecycle brewtastic@~dev: CWD: /Users/oblouinr/code/brewtastic
11 silly lifecycle brewtastic@~dev: Args: [ '-c', 'npm-run-all --parallel watchify serve' ]
12 silly lifecycle brewtastic@~dev: Returned: code: 1  signal: null
13 info lifecycle brewtastic@~dev: Failed to exec dev script
14 verbose stack Error: brewtastic@ dev: `npm-run-all --parallel watchify serve`
14 verbose stack Exit status 1
14 verbose stack     at EventEmitter.<anonymous> (/usr/local/lib/node_modules/npm/lib/utils/lifecycle.js:232:16)
14 verbose stack     at emitTwo (events.js:87:13)
14 verbose stack     at EventEmitter.emit (events.js:172:7)
14 verbose stack     at ChildProcess.<anonymous> (/usr/local/lib/node_modules/npm/lib/utils/spawn.js:24:14)
14 verbose stack     at emitTwo (events.js:87:13)
14 verbose stack     at ChildProcess.emit (events.js:172:7)
14 verbose stack     at maybeClose (internal/child_process.js:818:16)
14 verbose stack     at Process.ChildProcess._handle.onexit (internal/child_process.js:211:5)
15 verbose pkgid brewtastic@
16 verbose cwd /Users/oblouinr/code/brewtastic
17 error Darwin 14.5.0
18 error argv "/usr/local/bin/node" "/usr/local/bin/npm" "run" "dev"
19 error node v5.3.0
20 error npm  v3.3.12
21 error code ELIFECYCLE
22 error brewtastic@ dev: `npm-run-all --parallel watchify serve`
22 error Exit status 1
23 error Failed at the brewtastic@ dev script 'npm-run-all --parallel watchify serve'.
23 error Make sure you have the latest version of node.js and npm installed.
23 error If you do, this is most likely a problem with the brewtastic package,
23 error not with npm itself.
23 error Tell the author that this fails on your system:
23 error     npm-run-all --parallel watchify serve
23 error You can get their info via:
23 error     npm owner ls brewtastic
23 error There is likely additional logging output above.
24 verbose exit [ 1, true ]
